<?xml version="1.0" encoding="UTF-8"?>
<!-- Generated by org.testng.reporters.JUnitReportReporter -->
<testsuite hostname="DESKTOP-80E7T0E" failures="0" tests="1" name="test.JiraIssueCRUD" time="5.038" errors="0" timestamp="2023-04-28T16:46:38 ICT" skipped="0">
  <testcase classname="test.JiraIssueCRUD" name="testE2EFlow" time="5.038"/>
  <system-out/>
</testsuite> <!-- test.JiraIssueCRUD -->
